<?xml version="1.0" encoding="UTF-8"?>
<!-- Generated by org.testng.reporters.JUnitReportReporter -->
<testsuite skipped="0" hostname="Rahul_Lap" name="com.qa.datc.testscript.SearchRole" tests="1" failures="0" timestamp="28 Feb 2019 07:11:12 GMT" time="20.897" errors="0">
  <testcase name="SearchRole_TestScript" time="20.897" classname="com.qa.datc.testscript.SearchRole"/>
</testsuite> <!-- com.qa.datc.testscript.SearchRole -->
