<?xml version="1.0" encoding="UTF-8"?>
<!-- Generated by org.testng.reporters.JUnitReportReporter -->
<testsuite skipped="1" hostname="Mukul_Desk" name="com.search.testscript.GroupSearch" tests="1" failures="0" timestamp="04 Apr 2019 07:23:43 GMT" time="0.000" errors="0">
  <testcase name="testgrouproleSearch" time="0.000" classname="com.search.testscript.GroupSearch">
    <skipped/>
  </testcase> <!-- testgrouproleSearch -->
</testsuite> <!-- com.search.testscript.GroupSearch -->
