<?xml version="1.0" encoding="UTF-8"?>
<!-- Generated by org.testng.reporters.JUnitReportReporter -->
<testsuite skipped="1" hostname="Mukul_Desk" name="com.qa.datc.testscript.TC003" tests="1" failures="0" timestamp="27 Mar 2019 11:31:08 GMT" time="0.000" errors="0">
  <testcase name="searchRole" time="0.000" classname="com.qa.datc.testscript.TC003">
    <skipped/>
  </testcase> <!-- searchRole -->
</testsuite> <!-- com.qa.datc.testscript.TC003 -->
