<?xml version="1.0" encoding="UTF-8"?>
<!-- Generated by org.testng.reporters.JUnitReportReporter -->
<testsuite skipped="0" hostname="Mukul_Desk" name="com.create.testscript.CreateGroupRoleTest" tests="1" failures="0" timestamp="18 Apr 2019 05:58:38 GMT" time="9.986" errors="0">
  <testcase name="testgrouprole" time="9.986" classname="com.create.testscript.CreateGroupRoleTest"/>
</testsuite> <!-- com.create.testscript.CreateGroupRoleTest -->
