<?xml version="1.0" encoding="UTF-8"?>
<!-- Generated by org.testng.reporters.JUnitReportReporter -->
<testsuite skipped="0" hostname="Mukul_Desk" name="com.qa.datc.testscript.CreateGroupRoleTest" tests="1" failures="0" timestamp="18 Apr 2019 04:46:47 GMT" time="10.616" errors="0">
  <testcase name="testgrouprole" time="10.616" classname="com.qa.datc.testscript.CreateGroupRoleTest"/>
</testsuite> <!-- com.qa.datc.testscript.CreateGroupRoleTest -->
