<?xml version="1.0" encoding="UTF-8"?>
<!-- Generated by org.testng.reporters.JUnitReportReporter -->
<testsuite skipped="0" hostname="Mukul_Desk" name="com.createinternaluser.CreateInternalUserWith_InvalidData" tests="1" failures="0" timestamp="18 Apr 2019 09:48:13 GMT" time="15.748" errors="0">
  <testcase name="testCreateInternalUserWith_InvalidData" time="15.748" classname="com.createinternaluser.CreateInternalUserWith_InvalidData"/>
</testsuite> <!-- com.createinternaluser.CreateInternalUserWith_InvalidData -->
