<?xml version="1.0" encoding="UTF-8"?>
<!-- Generated by org.testng.reporters.JUnitReportReporter -->
<testsuite skipped="0" hostname="Rahul_Lap" name="com.qa.datc.testscript.LoginScript" tests="1" failures="0" timestamp="28 Feb 2019 07:07:49 GMT" time="12.338" errors="0">
  <testcase name="loginTestScript" time="12.338" classname="com.qa.datc.testscript.LoginScript"/>
</testsuite> <!-- com.qa.datc.testscript.LoginScript -->
