<?xml version="1.0" encoding="UTF-8"?>
<!-- Generated by org.testng.reporters.JUnitReportReporter -->
<testsuite skipped="0" hostname="Mukul_Desk" name="com.qa.datc.testscript.Search" tests="1" failures="0" timestamp="08 Apr 2019 07:00:15 GMT" time="5.762" errors="0">
  <testcase name="searchRole" time="5.762" classname="com.qa.datc.testscript.Search"/>
</testsuite> <!-- com.qa.datc.testscript.Search -->
