<?xml version="1.0" encoding="UTF-8"?>
<!-- Generated by org.testng.reporters.JUnitReportReporter -->
<testsuite skipped="0" hostname="Mukul_Desk" name="com.qa.datc.testscript.GroupSearchValidation" tests="1" failures="0" timestamp="04 Apr 2019 06:34:29 GMT" time="7.832" errors="0">
  <testcase name="testgrouproleSearch" time="7.832" classname="com.qa.datc.testscript.GroupSearchValidation"/>
</testsuite> <!-- com.qa.datc.testscript.GroupSearchValidation -->
