<?xml version="1.0" encoding="UTF-8"?>
<!-- Generated by org.testng.reporters.JUnitReportReporter -->
<testsuite skipped="0" hostname="Mukul_Desk" name="com.create.testscript.CreateRoleTestscript" tests="5" failures="0" timestamp="09 Apr 2019 11:57:32 GMT" time="67.286" errors="0">
  <testcase name="testRoleCreate" time="12.725" classname="com.create.testscript.CreateRoleTestscript"/>
  <testcase name="testRoleCreate" time="12.681" classname="com.create.testscript.CreateRoleTestscript"/>
  <testcase name="testRoleCreate" time="13.480" classname="com.create.testscript.CreateRoleTestscript"/>
  <testcase name="testRoleCreate" time="15.485" classname="com.create.testscript.CreateRoleTestscript"/>
  <testcase name="testRoleCreate" time="12.915" classname="com.create.testscript.CreateRoleTestscript"/>
</testsuite> <!-- com.create.testscript.CreateRoleTestscript -->
