<?xml version="1.0" encoding="UTF-8"?>
<!-- Generated by org.testng.reporters.JUnitReportReporter -->
<testsuite skipped="0" hostname="Rahul_Lap" name="com.qa.datc.testscript.LoginDemo" tests="1" failures="0" timestamp="25 Feb 2019 10:35:56 GMT" time="15.288" errors="0">
  <testcase name="loginTestScript" time="15.288" classname="com.qa.datc.testscript.LoginDemo"/>
</testsuite> <!-- com.qa.datc.testscript.LoginDemo -->
