<?xml version="1.0" encoding="UTF-8"?>
<!-- Generated by org.testng.reporters.JUnitReportReporter -->
<testsuite skipped="0" hostname="Rahul_Lap" name="com.qa.datc.testscript.CreateRole" tests="1" failures="0" timestamp="28 Feb 2019 07:10:00 GMT" time="23.603" errors="0">
  <testcase name="createRole_TestScript" time="23.603" classname="com.qa.datc.testscript.CreateRole"/>
</testsuite> <!-- com.qa.datc.testscript.CreateRole -->
