<?xml version="1.0" encoding="UTF-8"?>
<!-- Generated by org.testng.reporters.JUnitReportReporter -->
<testsuite skipped="0" hostname="Rahul_Lap" name="com.qa.datc.testscript.InvalidPasswordLogin" tests="1" failures="0" timestamp="28 Feb 2019 09:18:11 GMT" time="9.965" errors="0">
  <testcase name="invalidPasswordLoginTestScript" time="9.965" classname="com.qa.datc.testscript.InvalidPasswordLogin"/>
</testsuite> <!-- com.qa.datc.testscript.InvalidPasswordLogin -->
