<?xml version="1.0" encoding="UTF-8"?>
<!-- Generated by org.testng.reporters.JUnitReportReporter -->
<testsuite skipped="0" hostname="Mukul_Desk" name="com.search.testscript.GroupSearch" tests="1" failures="0" timestamp="16 Apr 2019 06:19:53 GMT" time="6.876" errors="0">
  <testcase name="testgrouproleSearch" time="6.876" classname="com.search.testscript.GroupSearch"/>
</testsuite> <!-- com.search.testscript.GroupSearch -->
