<?xml version="1.0" encoding="UTF-8"?>
<!-- Generated by org.testng.reporters.JUnitReportReporter -->
<testsuite skipped="0" hostname="Rahul_Lap" name="com.qa.datc.testscript.UserMaintenance_TestScript" tests="1" failures="0" timestamp="12 Feb 2019 11:50:37 GMT" time="15.026" errors="0">
  <testcase name="loginTestScript" time="15.026" classname="com.qa.datc.testscript.UserMaintenance_TestScript"/>
</testsuite> <!-- com.qa.datc.testscript.UserMaintenance_TestScript -->
