<?xml version="1.0" encoding="UTF-8"?>
<!-- Generated by org.testng.reporters.JUnitReportReporter -->
<testsuite skipped="0" hostname="Mukul_Desk" name="com.qa.datc.testscript.GroupSearch" tests="1" failures="0" timestamp="04 Apr 2019 04:59:23 GMT" time="6.566" errors="0">
  <testcase name="testgrouproleSearch" time="6.566" classname="com.qa.datc.testscript.GroupSearch"/>
</testsuite> <!-- com.qa.datc.testscript.GroupSearch -->
