<?xml version="1.0" encoding="UTF-8"?>
<!-- Generated by org.testng.reporters.JUnitReportReporter -->
<testsuite skipped="0" hostname="Mukul_Desk" name="com.search.testscript.GroupSearchValidation" tests="1" failures="0" timestamp="08 Apr 2019 07:00:15 GMT" time="7.930" errors="0">
  <testcase name="testgrouproleSearch" time="7.930" classname="com.search.testscript.GroupSearchValidation"/>
</testsuite> <!-- com.search.testscript.GroupSearchValidation -->
