<?xml version="1.0" encoding="UTF-8"?>
<!-- Generated by org.testng.reporters.JUnitReportReporter -->
<testsuite skipped="0" hostname="Mukul_Desk" name="com.qa.datc.testscript.CreateRoleTestscript" tests="1" failures="0" timestamp="08 Apr 2019 07:00:15 GMT" time="15.457" errors="0">
  <testcase name="testRoleCreate" time="15.457" classname="com.qa.datc.testscript.CreateRoleTestscript"/>
</testsuite> <!-- com.qa.datc.testscript.CreateRoleTestscript -->
