<?xml version="1.0" encoding="UTF-8"?>
<!-- Generated by org.testng.reporters.JUnitReportReporter -->
<testsuite skipped="0" hostname="Mukul_Desk" name="com.createinternaluser.CreateInternalUserWithSpc_Char" tests="1" failures="0" timestamp="18 Apr 2019 09:48:42 GMT" time="16.062" errors="0">
  <testcase name="testCreateInternalUserWithSpc_Char" time="16.062" classname="com.createinternaluser.CreateInternalUserWithSpc_Char"/>
</testsuite> <!-- com.createinternaluser.CreateInternalUserWithSpc_Char -->
