<?xml version="1.0" encoding="UTF-8"?>
<!-- Generated by org.testng.reporters.JUnitReportReporter -->
<testsuite skipped="0" hostname="Mukul_Desk" name="com.createinternaluser.CreateInternalUserWith_blank" tests="1" failures="0" timestamp="18 Apr 2019 09:44:08 GMT" time="3.242" errors="0">
  <testcase name="testCreateInternalUserWith_blank" time="3.242" classname="com.createinternaluser.CreateInternalUserWith_blank"/>
</testsuite> <!-- com.createinternaluser.CreateInternalUserWith_blank -->
