<?xml version="1.0" encoding="UTF-8"?>
<!-- Generated by org.testng.reporters.JUnitReportReporter -->
<testsuite skipped="0" hostname="Mukul_Desk" name="com.qa.datc.testscript.Login_T" tests="1" failures="0" timestamp="02 Apr 2019 05:54:52 GMT" time="5.034" errors="0">
  <testcase name="testLogin" time="5.034" classname="com.qa.datc.testscript.Login_T"/>
</testsuite> <!-- com.qa.datc.testscript.Login_T -->
