<?xml version="1.0" encoding="UTF-8"?>
<!-- Generated by org.testng.reporters.JUnitReportReporter -->
<testsuite skipped="0" hostname="Rahul_Lap" name="com.qa.datc.testscript.InvalidLogin" tests="1" failures="0" timestamp="25 Feb 2019 11:48:26 GMT" time="14.946" errors="0">
  <testcase name="InvalidLoginTestScript" time="14.946" classname="com.qa.datc.testscript.InvalidLogin"/>
</testsuite> <!-- com.qa.datc.testscript.InvalidLogin -->
