<?xml version="1.0" encoding="UTF-8"?>
<!-- Generated by org.testng.reporters.JUnitReportReporter -->
<testsuite skipped="0" hostname="Mukul_Desk" name="com.qa.datc.testscript.Login_T" tests="1" failures="0" timestamp="18 Apr 2019 04:46:47 GMT" time="4.981" errors="0">
  <testcase name="testLogin" time="4.981" classname="com.qa.datc.testscript.Login_T"/>
</testsuite> <!-- com.qa.datc.testscript.Login_T -->
