<?xml version="1.0" encoding="UTF-8"?>
<!-- Generated by org.testng.reporters.JUnitReportReporter -->
<testsuite skipped="0" hostname="Mukul_Desk" name="com.search.testscript.GroupSearchValidation" tests="1" failures="0" timestamp="18 Apr 2019 04:46:47 GMT" time="8.523" errors="0">
  <testcase name="testgrouproleSearch" time="8.523" classname="com.search.testscript.GroupSearchValidation"/>
</testsuite> <!-- com.search.testscript.GroupSearchValidation -->
