<?xml version="1.0" encoding="UTF-8"?>
<!-- Generated by org.testng.reporters.JUnitReportReporter -->
<testsuite skipped="0" hostname="Mukul_Desk" name="com.search.testscript.Search_Validations" tests="1" failures="0" timestamp="18 Apr 2019 04:46:47 GMT" time="10.606" errors="0">
  <testcase name="searchRole" time="10.606" classname="com.search.testscript.Search_Validations"/>
</testsuite> <!-- com.search.testscript.Search_Validations -->
