<?xml version="1.0" encoding="UTF-8"?>
<!-- Generated by org.testng.reporters.JUnitReportReporter -->
<testsuite skipped="0" hostname="Mukul_Desk" name="SearchInternalUserWithBlank" tests="1" failures="0" timestamp="18 Apr 2019 09:07:35 GMT" time="16.879" errors="0">
  <testcase name="testSearchInternalUserWithBlank" time="16.879" classname="SearchInternalUserWithBlank"/>
</testsuite> <!-- SearchInternalUserWithBlank -->
