<?xml version="1.0" encoding="UTF-8"?>
<!-- Generated by org.testng.reporters.JUnitReportReporter -->
<testsuite skipped="0" hostname="Mukul_Desk" name="com.createinternaluser.CreateInternalUserWithValidData" tests="1" failures="0" timestamp="18 Apr 2019 09:49:20 GMT" time="20.447" errors="0">
  <testcase name="testCreateInternalUserWithValidData" time="20.447" classname="com.createinternaluser.CreateInternalUserWithValidData"/>
</testsuite> <!-- com.createinternaluser.CreateInternalUserWithValidData -->
