<?xml version="1.0" encoding="UTF-8"?>
<!-- Generated by org.testng.reporters.JUnitReportReporter -->
<testsuite skipped="0" hostname="Rahul_Lap" name="com.qa.datc.testscript.InvalidLoginPassword" tests="1" failures="0" timestamp="28 Feb 2019 08:57:15 GMT" time="12.163" errors="0">
  <testcase name="invalidLoginPasswordTestScript" time="12.163" classname="com.qa.datc.testscript.InvalidLoginPassword"/>
</testsuite> <!-- com.qa.datc.testscript.InvalidLoginPassword -->
